<?xml version="1.0" encoding="UTF-8"?>
<!-- Generated by org.testng.reporters.JUnitReportReporter -->
<testsuite hostname="SoumyaRanjanHP" failures="0" tests="1" name="com.actitime1.test.TestLoginLogout" time="47.242" errors="0" timestamp="24 Jun 2021 16:00:44 GMT" skipped="0">
  <testcase classname="com.actitime1.test.TestLoginLogout" name="login" time="47.242"/>
</testsuite> <!-- com.actitime1.test.TestLoginLogout -->
